Analysis & Synthesis report for piano
Thu Nov 23 11:39:05 2017
Quartus II 64-Bit Version 13.0.1 Build 232 06/12/2013 Service Pack 1 SJ Web Edition


---------------------
; Table of Contents ;
---------------------
  1. Legal Notice
  2. Analysis & Synthesis Summary
  3. Analysis & Synthesis Settings
  4. Parallel Compilation
  5. Analysis & Synthesis Source Files Read
  6. Analysis & Synthesis Resource Usage Summary
  7. Analysis & Synthesis Resource Utilization by Entity
  8. State Machine - |piano|i2c_codec_control:u1|mSetup_ST
  9. Registers Removed During Synthesis
 10. General Register Statistics
 11. Inverted Register Statistics
 12. Multiplexer Restructuring Statistics (Restructuring Performed)
 13. Parameter Settings for User Entity Instance: Top-level Entity: |piano
 14. Parameter Settings for User Entity Instance: i2c_codec_control:u1
 15. Elapsed Time Per Partition
 16. Analysis & Synthesis Messages



----------------
; Legal Notice ;
----------------
Copyright (C) 1991-2013 Altera Corporation
Your use of Altera Corporation's design tools, logic functions 
and other software and tools, and its AMPP partner logic 
functions, and any output files from any of the foregoing 
(including device programming or simulation files), and any 
associated documentation or information are expressly subject 
to the terms and conditions of the Altera Program License 
Subscription Agreement, Altera MegaCore Function License 
Agreement, or other applicable license agreement, including, 
without limitation, that your use is for the sole purpose of 
programming logic devices manufactured by Altera and sold by 
Altera or its authorized distributors.  Please refer to the 
applicable agreement for further details.



+--------------------------------------------------------------------------------------+
; Analysis & Synthesis Summary                                                         ;
+------------------------------------+-------------------------------------------------+
; Analysis & Synthesis Status        ; Successful - Thu Nov 23 11:39:05 2017           ;
; Quartus II 64-Bit Version          ; 13.0.1 Build 232 06/12/2013 SP 1 SJ Web Edition ;
; Revision Name                      ; piano                                           ;
; Top-level Entity Name              ; piano                                           ;
; Family                             ; Cyclone II                                      ;
; Total logic elements               ; 192                                             ;
;     Total combinational functions  ; 182                                             ;
;     Dedicated logic registers      ; 101                                             ;
; Total registers                    ; 101                                             ;
; Total pins                         ; 37                                              ;
; Total virtual pins                 ; 0                                               ;
; Total memory bits                  ; 0                                               ;
; Embedded Multiplier 9-bit elements ; 0                                               ;
; Total PLLs                         ; 0                                               ;
+------------------------------------+-------------------------------------------------+


+----------------------------------------------------------------------------------------------------------------------+
; Analysis & Synthesis Settings                                                                                        ;
+----------------------------------------------------------------------------+--------------------+--------------------+
; Option                                                                     ; Setting            ; Default Value      ;
+----------------------------------------------------------------------------+--------------------+--------------------+
; Device                                                                     ; EP2C35F672C6       ;                    ;
; Top-level entity name                                                      ; piano              ; piano              ;
; Family name                                                                ; Cyclone II         ; Cyclone IV GX      ;
; Use smart compilation                                                      ; Off                ; Off                ;
; Enable parallel Assembler and TimeQuest Timing Analyzer during compilation ; On                 ; On                 ;
; Enable compact report table                                                ; Off                ; Off                ;
; Restructure Multiplexers                                                   ; Auto               ; Auto               ;
; Create Debugging Nodes for IP Cores                                        ; Off                ; Off                ;
; Preserve fewer node names                                                  ; On                 ; On                 ;
; Disable OpenCore Plus hardware evaluation                                  ; Off                ; Off                ;
; Verilog Version                                                            ; Verilog_2001       ; Verilog_2001       ;
; VHDL Version                                                               ; VHDL_1993          ; VHDL_1993          ;
; State Machine Processing                                                   ; Auto               ; Auto               ;
; Safe State Machine                                                         ; Off                ; Off                ;
; Extract Verilog State Machines                                             ; On                 ; On                 ;
; Extract VHDL State Machines                                                ; On                 ; On                 ;
; Ignore Verilog initial constructs                                          ; Off                ; Off                ;
; Iteration limit for constant Verilog loops                                 ; 5000               ; 5000               ;
; Iteration limit for non-constant Verilog loops                             ; 250                ; 250                ;
; Add Pass-Through Logic to Inferred RAMs                                    ; On                 ; On                 ;
; Infer RAMs from Raw Logic                                                  ; On                 ; On                 ;
; Parallel Synthesis                                                         ; On                 ; On                 ;
; DSP Block Balancing                                                        ; Auto               ; Auto               ;
; NOT Gate Push-Back                                                         ; On                 ; On                 ;
; Power-Up Don't Care                                                        ; On                 ; On                 ;
; Remove Redundant Logic Cells                                               ; Off                ; Off                ;
; Remove Duplicate Registers                                                 ; On                 ; On                 ;
; Ignore CARRY Buffers                                                       ; Off                ; Off                ;
; Ignore CASCADE Buffers                                                     ; Off                ; Off                ;
; Ignore GLOBAL Buffers                                                      ; Off                ; Off                ;
; Ignore ROW GLOBAL Buffers                                                  ; Off                ; Off                ;
; Ignore LCELL Buffers                                                       ; Off                ; Off                ;
; Ignore SOFT Buffers                                                        ; On                 ; On                 ;
; Limit AHDL Integers to 32 Bits                                             ; Off                ; Off                ;
; Optimization Technique                                                     ; Balanced           ; Balanced           ;
; Carry Chain Length                                                         ; 70                 ; 70                 ;
; Auto Carry Chains                                                          ; On                 ; On                 ;
; Auto Open-Drain Pins                                                       ; On                 ; On                 ;
; Perform WYSIWYG Primitive Resynthesis                                      ; Off                ; Off                ;
; Auto ROM Replacement                                                       ; On                 ; On                 ;
; Auto RAM Replacement                                                       ; On                 ; On                 ;
; Auto Shift Register Replacement                                            ; Auto               ; Auto               ;
; Allow Shift Register Merging across Hierarchies                            ; Auto               ; Auto               ;
; Auto Clock Enable Replacement                                              ; On                 ; On                 ;
; Strict RAM Replacement                                                     ; Off                ; Off                ;
; Allow Synchronous Control Signals                                          ; On                 ; On                 ;
; Force Use of Synchronous Clear Signals                                     ; Off                ; Off                ;
; Auto RAM to Logic Cell Conversion                                          ; Off                ; Off                ;
; Auto Resource Sharing                                                      ; Off                ; Off                ;
; Allow Any RAM Size For Recognition                                         ; Off                ; Off                ;
; Allow Any ROM Size For Recognition                                         ; Off                ; Off                ;
; Allow Any Shift Register Size For Recognition                              ; Off                ; Off                ;
; Use LogicLock Constraints during Resource Balancing                        ; On                 ; On                 ;
; Ignore translate_off and synthesis_off directives                          ; Off                ; Off                ;
; Timing-Driven Synthesis                                                    ; Off                ; Off                ;
; Report Parameter Settings                                                  ; On                 ; On                 ;
; Report Source Assignments                                                  ; On                 ; On                 ;
; Report Connectivity Checks                                                 ; On                 ; On                 ;
; Ignore Maximum Fan-Out Assignments                                         ; Off                ; Off                ;
; Synchronization Register Chain Length                                      ; 2                  ; 2                  ;
; PowerPlay Power Optimization                                               ; Normal compilation ; Normal compilation ;
; HDL message level                                                          ; Level2             ; Level2             ;
; Suppress Register Optimization Related Messages                            ; Off                ; Off                ;
; Number of Removed Registers Reported in Synthesis Report                   ; 5000               ; 5000               ;
; Number of Swept Nodes Reported in Synthesis Report                         ; 5000               ; 5000               ;
; Number of Inverted Registers Reported in Synthesis Report                  ; 100                ; 100                ;
; Clock MUX Protection                                                       ; On                 ; On                 ;
; Auto Gated Clock Conversion                                                ; Off                ; Off                ;
; Block Design Naming                                                        ; Auto               ; Auto               ;
; SDC constraint protection                                                  ; Off                ; Off                ;
; Synthesis Effort                                                           ; Auto               ; Auto               ;
; Shift Register Replacement - Allow Asynchronous Clear Signal               ; On                 ; On                 ;
; Pre-Mapping Resynthesis Optimization                                       ; Off                ; Off                ;
; Analysis & Synthesis Message Level                                         ; Medium             ; Medium             ;
; Disable Register Merging Across Hierarchies                                ; Auto               ; Auto               ;
; Resource Aware Inference For Block RAM                                     ; On                 ; On                 ;
; Synthesis Seed                                                             ; 1                  ; 1                  ;
+----------------------------------------------------------------------------+--------------------+--------------------+


Parallel compilation was disabled, but you have multiple processors available. Enable parallel compilation to reduce compilation time.
+-------------------------------------+
; Parallel Compilation                ;
+----------------------------+--------+
; Processors                 ; Number ;
+----------------------------+--------+
; Number detected on machine ; 4      ;
; Maximum allowed            ; 1      ;
+----------------------------+--------+


+----------------------------------------------------------------------------------------------------------------------------------------------------------------------------------------------+
; Analysis & Synthesis Source Files Read                                                                                                                                                       ;
+------------------------------------------------------------------+-----------------+------------------------+----------------------------------------------------------------------+---------+
; File Name with User-Entered Path                                 ; Used in Netlist ; File Type              ; File Name with Absolute Path                                         ; Library ;
+------------------------------------------------------------------+-----------------+------------------------+----------------------------------------------------------------------+---------+
; ../../../../../../../GitHub/Cl_Project/teste/piano.v             ; yes             ; User Verilog HDL File  ; C:/Users/guga_/Documents/GitHub/Cl_Project/teste/piano.v             ;         ;
; ../../../../../../../GitHub/Cl_Project/teste/i2c_codec_control.v ; yes             ; User Verilog HDL File  ; C:/Users/guga_/Documents/GitHub/Cl_Project/teste/i2c_codec_control.v ;         ;
+------------------------------------------------------------------+-----------------+------------------------+----------------------------------------------------------------------+---------+


+-----------------------------------------------------+
; Analysis & Synthesis Resource Usage Summary         ;
+---------------------------------------------+-------+
; Resource                                    ; Usage ;
+---------------------------------------------+-------+
; Estimated Total logic elements              ; 192   ;
;                                             ;       ;
; Total combinational functions               ; 182   ;
; Logic element usage by number of LUT inputs ;       ;
;     -- 4 input functions                    ; 83    ;
;     -- 3 input functions                    ; 24    ;
;     -- <=2 input functions                  ; 75    ;
;                                             ;       ;
; Logic elements by mode                      ;       ;
;     -- normal mode                          ; 125   ;
;     -- arithmetic mode                      ; 57    ;
;                                             ;       ;
; Total registers                             ; 101   ;
;     -- Dedicated logic registers            ; 101   ;
;     -- I/O registers                        ; 0     ;
;                                             ;       ;
; I/O pins                                    ; 37    ;
; Embedded Multiplier 9-bit elements          ; 0     ;
; Maximum fan-out node                        ; Reset ;
; Maximum fan-out                             ; 44    ;
; Total fan-out                               ; 942   ;
; Average fan-out                             ; 2.94  ;
+---------------------------------------------+-------+


+-------------------------------------------------------------------------------------------------------------------------------------------------------------------------------------+
; Analysis & Synthesis Resource Utilization by Entity                                                                                                                                 ;
+----------------------------+-------------------+--------------+-------------+--------------+---------+-----------+------+--------------+-----------------------------+--------------+
; Compilation Hierarchy Node ; LC Combinationals ; LC Registers ; Memory Bits ; DSP Elements ; DSP 9x9 ; DSP 18x18 ; Pins ; Virtual Pins ; Full Hierarchy Name         ; Library Name ;
+----------------------------+-------------------+--------------+-------------+--------------+---------+-----------+------+--------------+-----------------------------+--------------+
; |piano                     ; 182 (124)         ; 101 (65)     ; 0           ; 0            ; 0       ; 0         ; 37   ; 0            ; |piano                      ; work         ;
;    |i2c_codec_control:u1|  ; 58 (58)           ; 36 (36)      ; 0           ; 0            ; 0       ; 0         ; 0    ; 0            ; |piano|i2c_codec_control:u1 ; work         ;
+----------------------------+-------------------+--------------+-------------+--------------+---------+-----------+------+--------------+-----------------------------+--------------+
Note: For table entries with two numbers listed, the numbers in parentheses indicate the number of resources of the given type used by the specific entity alone. The numbers listed outside of parentheses indicate the total resources of the given type used by the specific entity and all of its sub-entities in the hierarchy.


Encoding Type:  One-Hot
+---------------------------------------------------------------+
; State Machine - |piano|i2c_codec_control:u1|mSetup_ST         ;
+---------------+---------------+---------------+---------------+
; Name          ; mSetup_ST.000 ; mSetup_ST.010 ; mSetup_ST.001 ;
+---------------+---------------+---------------+---------------+
; mSetup_ST.000 ; 0             ; 0             ; 0             ;
; mSetup_ST.001 ; 1             ; 0             ; 1             ;
; mSetup_ST.010 ; 1             ; 1             ; 0             ;
+---------------+---------------+---------------+---------------+


+---------------------------------------------------------------------------------+
; Registers Removed During Synthesis                                              ;
+----------------------------------------+----------------------------------------+
; Register name                          ; Reason for Removal                     ;
+----------------------------------------+----------------------------------------+
; SOUND1[0..2]                           ; Stuck at GND due to stuck port data_in ;
; SOUND2[0..6]                           ; Stuck at GND due to stuck port data_in ;
; SOUND3[0..2]                           ; Stuck at GND due to stuck port data_in ;
; SOUND3[3]                              ; Merged with SOUND2[7]                  ;
; SOUND2[7]                              ; Merged with SOUND1[3]                  ;
; SOUND1[6,8,12..14]                     ; Merged with SOUND1[15]                 ;
; SOUND2[9..13,15]                       ; Merged with SOUND1[15]                 ;
; SOUND3[4,5,7..9,11,15]                 ; Merged with SOUND1[15]                 ;
; SOUND1[4,5,7,9,10]                     ; Merged with SOUND1[11]                 ;
; SOUND2[8,14]                           ; Merged with SOUND1[11]                 ;
; SOUND3[6,10,12..14]                    ; Merged with SOUND1[11]                 ;
; SING                                   ; Merged with SOUND1[11]                 ;
; i2c_codec_control:u1|mSetup_ST~9       ; Lost fanout                            ;
; BCK_DIV[3]                             ; Stuck at GND due to stuck port data_in ;
; Total Number of Removed Registers = 48 ;                                        ;
+----------------------------------------+----------------------------------------+


+------------------------------------------------------+
; General Register Statistics                          ;
+----------------------------------------------+-------+
; Statistic                                    ; Value ;
+----------------------------------------------+-------+
; Total registers                              ; 101   ;
; Number of registers using Synchronous Clear  ; 37    ;
; Number of registers using Synchronous Load   ; 6     ;
; Number of registers using Asynchronous Clear ; 80    ;
; Number of registers using Asynchronous Load  ; 0     ;
; Number of registers using Clock Enable       ; 52    ;
; Number of registers using Preset             ; 0     ;
+----------------------------------------------+-------+


+--------------------------------------------------+
; Inverted Register Statistics                     ;
+----------------------------------------+---------+
; Inverted Register                      ; Fan out ;
+----------------------------------------+---------+
; i2c_codec_control:u1|SD_COUNT[4]       ; 10      ;
; i2c_codec_control:u1|SD_COUNT[0]       ; 8       ;
; i2c_codec_control:u1|SD_COUNT[2]       ; 9       ;
; i2c_codec_control:u1|SD_COUNT[3]       ; 8       ;
; i2c_codec_control:u1|SD_COUNT[1]       ; 7       ;
; i2c_codec_control:u1|SD_COUNT[5]       ; 8       ;
; i2c_codec_control:u1|mI2C_SCLK         ; 3       ;
; i2c_codec_control:u1|mI2C_END          ; 5       ;
; Total number of inverted registers = 8 ;         ;
+----------------------------------------+---------+


+-------------------------------------------------------------------------------------------------------------------------------------------------------+
; Multiplexer Restructuring Statistics (Restructuring Performed)                                                                                        ;
+--------------------+-----------+---------------+----------------------+------------------------+------------+-----------------------------------------+
; Multiplexer Inputs ; Bus Width ; Baseline Area ; Area if Restructured ; Saving if Restructured ; Registered ; Example Multiplexer Output              ;
+--------------------+-----------+---------------+----------------------+------------------------+------------+-----------------------------------------+
; 17:1               ; 12 bits   ; 132 LEs       ; 12 LEs               ; 120 LEs                ; Yes        ; |piano|count12[11]                      ;
; 3:1                ; 6 bits    ; 12 LEs        ; 6 LEs                ; 6 LEs                  ; Yes        ; |piano|i2c_codec_control:u1|SD_COUNT[0] ;
+--------------------+-----------+---------------+----------------------+------------------------+------------+-----------------------------------------+


+-----------------------------------------------------------------------+
; Parameter Settings for User Entity Instance: Top-level Entity: |piano ;
+-----------------+----------+------------------------------------------+
; Parameter Name  ; Value    ; Type                                     ;
+-----------------+----------+------------------------------------------+
; REF_CLK         ; 18432000 ; Signed Integer                           ;
; SAMPLE_RATE     ; 48000    ; Signed Integer                           ;
; CHANNEL_NUM     ; 2        ; Signed Integer                           ;
; SIN_SAMPLE_DATA ; 48       ; Signed Integer                           ;
; DATA_WIDTH      ; 16       ; Signed Integer                           ;
; DO              ; 2000     ; Signed Integer                           ;
; RE              ; 1900     ; Signed Integer                           ;
; MI              ; 1805     ; Signed Integer                           ;
; FA              ; 1760     ; Signed Integer                           ;
; SOL             ; 1675     ; Signed Integer                           ;
; LA              ; 1595     ; Signed Integer                           ;
; SI              ; 1520     ; Signed Integer                           ;
; DO1             ; 1485     ; Signed Integer                           ;
+-----------------+----------+------------------------------------------+
Note: In order to hide this table in the UI and the text report file, please set the "Show Parameter Settings in Synthesis Report" option in "Analysis and Synthesis Settings -> More Settings" to "Off".


+-------------------------------------------------------------------+
; Parameter Settings for User Entity Instance: i2c_codec_control:u1 ;
+----------------+----------+---------------------------------------+
; Parameter Name ; Value    ; Type                                  ;
+----------------+----------+---------------------------------------+
; CLK_Freq       ; 50000000 ; Signed Integer                        ;
; I2C_Freq       ; 20000    ; Signed Integer                        ;
; LUT_SIZE       ; 11       ; Signed Integer                        ;
+----------------+----------+---------------------------------------+
Note: In order to hide this table in the UI and the text report file, please set the "Show Parameter Settings in Synthesis Report" option in "Analysis and Synthesis Settings -> More Settings" to "Off".


+-------------------------------+
; Elapsed Time Per Partition    ;
+----------------+--------------+
; Partition Name ; Elapsed Time ;
+----------------+--------------+
; Top            ; 00:00:01     ;
+----------------+--------------+


+-------------------------------+
; Analysis & Synthesis Messages ;
+-------------------------------+
Info: *******************************************************************
Info: Running Quartus II 64-Bit Analysis & Synthesis
    Info: Version 13.0.1 Build 232 06/12/2013 Service Pack 1 SJ Web Edition
    Info: Processing started: Thu Nov 23 11:39:02 2017
Info: Command: quartus_map --read_settings_files=on --write_settings_files=off piano -c piano
Warning (20028): Parallel compilation is not licensed and has been disabled
Info (12021): Found 1 design units, including 1 entities, in source file /users/guga_/documents/github/cl_project/teste/piano.v
    Info (12023): Found entity 1: piano
Info (12021): Found 1 design units, including 1 entities, in source file /users/guga_/documents/github/cl_project/teste/i2c_codec_control.v
    Info (12023): Found entity 1: i2c_codec_control
Info (12127): Elaborating entity "piano" for the top level hierarchy
Warning (10230): Verilog HDL assignment warning at piano.v(63): truncated value with size 32 to match size of target (20)
Warning (10230): Verilog HDL assignment warning at piano.v(82): truncated value with size 32 to match size of target (4)
Warning (10230): Verilog HDL assignment warning at piano.v(97): truncated value with size 32 to match size of target (9)
Warning (10230): Verilog HDL assignment warning at piano.v(120): truncated value with size 32 to match size of target (12)
Warning (10230): Verilog HDL assignment warning at piano.v(126): truncated value with size 32 to match size of target (12)
Warning (10230): Verilog HDL assignment warning at piano.v(132): truncated value with size 32 to match size of target (12)
Warning (10230): Verilog HDL assignment warning at piano.v(138): truncated value with size 32 to match size of target (12)
Warning (10230): Verilog HDL assignment warning at piano.v(144): truncated value with size 32 to match size of target (12)
Warning (10230): Verilog HDL assignment warning at piano.v(150): truncated value with size 32 to match size of target (12)
Warning (10230): Verilog HDL assignment warning at piano.v(156): truncated value with size 32 to match size of target (12)
Warning (10230): Verilog HDL assignment warning at piano.v(162): truncated value with size 32 to match size of target (12)
Warning (10230): Verilog HDL assignment warning at piano.v(178): truncated value with size 32 to match size of target (16)
Warning (10230): Verilog HDL assignment warning at piano.v(179): truncated value with size 32 to match size of target (16)
Warning (10230): Verilog HDL assignment warning at piano.v(180): truncated value with size 32 to match size of target (16)
Warning (10230): Verilog HDL assignment warning at piano.v(190): truncated value with size 32 to match size of target (2)
Warning (10230): Verilog HDL assignment warning at piano.v(197): truncated value with size 32 to match size of target (4)
Info (12128): Elaborating entity "i2c_codec_control" for hierarchy "i2c_codec_control:u1"
Warning (10036): Verilog HDL or VHDL warning at i2c_codec_control.v(16): object "SDO" assigned a value but never read
Warning (10230): Verilog HDL assignment warning at i2c_codec_control.v(19): truncated value with size 32 to match size of target (1)
Warning (10230): Verilog HDL assignment warning at i2c_codec_control.v(33): truncated value with size 32 to match size of target (16)
Warning (10230): Verilog HDL assignment warning at i2c_codec_control.v(48): truncated value with size 32 to match size of target (6)
Warning (10230): Verilog HDL assignment warning at i2c_codec_control.v(145): truncated value with size 32 to match size of target (4)
Warning (13039): The following bidir pins have no drivers
    Warning (13040): Bidir "I2C_SDAT" has no driver
Info (13000): Registers with preset signals will power-up high
Info (13003): DEV_CLRn pin will set, and not reset, register with preset signal due to NOT Gate Push-Back
Info (17049): 1 registers lost all their fanouts during netlist optimizations.
Info (16010): Generating hard_block partition "hard_block:auto_generated_inst"
    Info (16011): Adding 0 node(s), including 0 DDIO, 0 PLL, 0 transceiver and 0 LCELL
Warning (21074): Design contains 3 input pin(s) that do not drive logic
    Warning (15610): No output dependent on input pin "KEY[1]"
    Warning (15610): No output dependent on input pin "KEY[2]"
    Warning (15610): No output dependent on input pin "AUD_ADCDAT"
Info (21057): Implemented 229 device resources after synthesis - the final resource count might be different
    Info (21058): Implemented 14 input pins
    Info (21059): Implemented 22 output pins
    Info (21060): Implemented 1 bidirectional pins
    Info (21061): Implemented 192 logic cells
Info: Quartus II 64-Bit Analysis & Synthesis was successful. 0 errors, 28 warnings
    Info: Peak virtual memory: 524 megabytes
    Info: Processing ended: Thu Nov 23 11:39:05 2017
    Info: Elapsed time: 00:00:03
    Info: Total CPU time (on all processors): 00:00:02


